        -:    0:Source:applicant.cpp
        -:    0:Graph:applicant.gcno
        -:    0:Data:applicant.gcda
        -:    0:Runs:1
        -:    0:Programs:1
        -:    1:#include "applicant.h"
function _ZN9applicantC2ENSt3__112basic_stringIcNS0_11char_traitsIcEENS0_9allocatorIcEEEES6_S6_iiiiS6_ii called 1 returned 100% blocks executed 58%
function _ZN9applicantC1ENSt3__112basic_stringIcNS0_11char_traitsIcEENS0_9allocatorIcEEEES6_S6_iiiiS6_ii called 1 returned 100% blocks executed 100%
        3:    2:applicant::applicant(std::string first_name,
        1:    2-block  0
unconditional  0 taken 1
        1:    2-block  1
unconditional  1 taken 1
        -:    3:                     std::string second_name,
        -:    4:                     std::string third_name,
        -:    5:                     int year_of_birth,
        -:    6:                     int gend,
        -:    7:                     int status,
        -:    8:                     int univ,
       22:    9:                     std::string mobile_phone,
        1:    9-block  0
branch  0 taken 1
branch  1 taken 0
        1:    9-block  1
unconditional  2 taken 1
       11:    9-block  2
branch  3 taken 10
branch  4 taken 1
    $$$$$:    9-block  3
branch  5 never executed
branch  6 never executed
    $$$$$:    9-block  4
branch  7 never executed
branch  8 never executed
    $$$$$:    9-block  5
unconditional  9 never executed
    $$$$$:    9-block  6
unconditional 10 never executed
    $$$$$:    9-block  7
branch 11 never executed
branch 12 never executed
    $$$$$:    9-block  8
unconditional 13 never executed
    $$$$$:    9-block  9
        1:    9-block 10
branch 14 taken 1
branch 15 taken 0
        1:    9-block 11
unconditional 16 taken 1
       11:    9-block 12
branch 17 taken 10
branch 18 taken 1
    $$$$$:    9-block 13
branch 19 never executed
branch 20 never executed
    $$$$$:    9-block 14
branch 21 never executed
branch 22 never executed
    $$$$$:    9-block 15
unconditional 23 never executed
    $$$$$:    9-block 16
unconditional 24 never executed
    $$$$$:    9-block 17
branch 25 never executed
branch 26 never executed
    $$$$$:    9-block 18
unconditional 27 never executed
    $$$$$:    9-block 19
        2:   10:                     int city_,
        1:   10-block  0
branch  0 taken 1
branch  1 taken 0
        1:   10-block  1
branch  2 taken 1
branch  3 taken 0
        3:   11:                     int min_salary) {
        1:   11-block  0
branch  0 taken 1
branch  1 taken 0
        1:   11-block  1
branch  2 taken 1
branch  3 taken 0
        3:   12:  _first_name = first_name;
        1:   12-block  0
branch  0 taken 1
branch  1 taken 0
        1:   12-block  1
branch  2 taken 1
branch  3 taken 0
        1:   12-block  2
branch  4 taken 1
branch  5 taken 0
        3:   13:  _second_name = second_name;
        1:   13-block  0
branch  0 taken 1
branch  1 taken 0
        1:   13-block  1
branch  2 taken 1
branch  3 taken 0
        1:   13-block  2
branch  4 taken 1
branch  5 taken 0
        3:   14:  _third_name = third_name;
        1:   14-block  0
branch  0 taken 1
branch  1 taken 0
        1:   14-block  1
branch  2 taken 1
branch  3 taken 0
        1:   14-block  2
branch  4 taken 1
branch  5 taken 0
        3:   15:  _year_of_birth = year_of_birth;
        1:   15-block  0
branch  0 taken 1
branch  1 taken 0
        1:   15-block  1
branch  2 taken 1
branch  3 taken 0
        3:   16:  _gender = gend;
        1:   16-block  0
branch  0 taken 1
branch  1 taken 0
        1:   16-block  1
branch  2 taken 1
branch  3 taken 0
        3:   17:  _marital_status = status;
        1:   17-block  0
branch  0 taken 1
branch  1 taken 0
        1:   17-block  1
branch  2 taken 1
branch  3 taken 0
        3:   18:  _university = univ;
        1:   18-block  0
branch  0 taken 1
branch  1 taken 0
        1:   18-block  1
branch  2 taken 1
branch  3 taken 0
        3:   19:  _mobile_phone = mobile_phone;
        1:   19-block  0
branch  0 taken 1
branch  1 taken 0
        1:   19-block  1
branch  2 taken 1
branch  3 taken 0
        1:   19-block  2
branch  4 taken 1
branch  5 taken 0
        3:   20:  _city = city_;
        1:   20-block  0
branch  0 taken 1
branch  1 taken 0
        1:   20-block  1
branch  2 taken 1
branch  3 taken 0
        1:   21:  _min_salary = min_salary;
       10:   22:}
        1:   22-block  0
branch  0 taken 1
branch  1 taken 0
        1:   22-block  1
unconditional  2 taken 1
        4:   22-block  2
branch  3 taken 3
branch  4 taken 1
        1:   22-block  3
unconditional  5 taken 1
    $$$$$:   22-block  4
branch  6 never executed
branch  7 never executed
    $$$$$:   22-block  5
branch  8 never executed
branch  9 never executed
    $$$$$:   22-block  6
unconditional 10 never executed
    $$$$$:   22-block  7
unconditional 11 never executed
    $$$$$:   22-block  8
branch 12 never executed
branch 13 never executed
    $$$$$:   22-block  9
unconditional 14 never executed
    $$$$$:   22-block 10
unconditional 15 never executed
    $$$$$:   22-block 11
unconditional 16 never executed
    $$$$$:   22-block 12
unconditional 17 never executed
    $$$$$:   22-block 13
unconditional 18 never executed
        1:   22-block 14
unconditional 19 taken 1
        1:   22-block 15
branch 20 taken 1
branch 21 taken 0
        1:   22-block 16
unconditional 22 taken 1
        4:   22-block 17
branch 23 taken 3
branch 24 taken 1
    $$$$$:   22-block 18
branch 25 never executed
branch 26 never executed
    $$$$$:   22-block 19
branch 27 never executed
branch 28 never executed
    $$$$$:   22-block 20
unconditional 29 never executed
    $$$$$:   22-block 21
unconditional 30 never executed
    $$$$$:   22-block 22
branch 31 never executed
branch 32 never executed
    $$$$$:   22-block 23
unconditional 33 never executed
        2:   23:
        1:   23-block  0
branch  0 taken 1
branch  1 taken 0
        1:   23-block  1
branch  2 taken 1
branch  3 taken 0
function _ZN9applicantC2ENSt3__112basic_stringIcNS0_11char_traitsIcEENS0_9allocatorIcEEEE called 1 returned 100% blocks executed 66%
function _ZN9applicantC1ENSt3__112basic_stringIcNS0_11char_traitsIcEENS0_9allocatorIcEEEE called 1 returned 100% blocks executed 100%
        5:   24:applicant::applicant(std::string csv) {
        1:   24-block  0
branch  0 taken 1
branch  1 taken 0
        1:   24-block  1
unconditional  2 taken 1
        1:   24-block  2
branch  3 taken 1
branch  4 taken 0
        1:   24-block  3
unconditional  5 taken 1
       12:   25:  std::string strs[10];
        1:   25-block  0
branch  0 taken 1
branch  1 taken 0
        1:   25-block  1
branch  2 taken 1
branch  3 taken 0
        1:   25-block  2
unconditional  4 taken 1
       10:   25-block  3
branch  5 taken 9
branch  6 taken 1
        3:   26:  csv.push_back(',');
        1:   26-block  0
branch  0 taken 1
branch  1 taken 0
        1:   26-block  1
branch  2 taken 1
branch  3 taken 0
        1:   26-block  2
branch  4 taken 1
branch  5 taken 0
        1:   27:  int j = 0;
       15:   28:  for (int i = 0; i < 10; i++) {
        1:   28-block  0
branch  0 taken 1
branch  1 taken 0
        1:   28-block  1
unconditional  2 taken 1
        2:   28-block  2
branch  3 taken 1
branch  4 taken 1
    $$$$$:   28-block  3
branch  5 never executed
branch  6 never executed
    $$$$$:   28-block  4
branch  7 never executed
branch  8 never executed
    $$$$$:   28-block  5
unconditional  9 never executed
    $$$$$:   28-block  6
unconditional 10 never executed
    $$$$$:   28-block  7
branch 11 never executed
branch 12 never executed
    $$$$$:   28-block  8
unconditional 13 never executed
        1:   28-block  9
branch 14 taken 1
branch 15 taken 0
        1:   28-block 10
unconditional 16 taken 1
        2:   28-block 11
branch 17 taken 1
branch 18 taken 1
        1:   28-block 12
unconditional 19 taken 1
       11:   28-block 13
branch 20 taken 10
branch 21 taken 1
    $$$$$:   28-block 14
branch 22 never executed
branch 23 never executed
    $$$$$:   28-block 15
branch 24 never executed
branch 25 never executed
    $$$$$:   28-block 16
unconditional 26 never executed
    $$$$$:   28-block 17
unconditional 27 never executed
    $$$$$:   28-block 18
branch 28 never executed
branch 29 never executed
    $$$$$:   28-block 19
unconditional 30 never executed
       10:   28-block 20
unconditional 31 taken 10
       60:   29:    while (j < csv.size() && csv[j] != ',') {
        1:   29-block  0
branch  0 taken 1
branch  1 taken 0
        1:   29-block  1
branch  2 taken 1
branch  3 taken 0
       10:   29-block  2
unconditional  4 taken 10
       58:   29-block  3
branch  5 taken 58
branch  6 taken 0
       58:   29-block  4
unconditional  7 taken 58
       58:   29-block  5
branch  8 taken 48
branch  9 taken 10
       48:   29-block  6
unconditional 10 taken 48
       50:   30:      strs[i].push_back(csv[j]);
        1:   30-block  0
branch  0 taken 1
branch  1 taken 0
        1:   30-block  1
branch  2 taken 1
branch  3 taken 0
       48:   30-block  2
branch  4 taken 48
branch  5 taken 0
       48:   31:      j++;
       12:   32:    }
        1:   32-block  0
branch  0 taken 1
branch  1 taken 0
        1:   32-block  1
unconditional  2 taken 1
        6:   32-block  2
branch  3 taken 5
branch  4 taken 1
    $$$$$:   32-block  3
branch  5 never executed
branch  6 never executed
    $$$$$:   32-block  4
branch  7 never executed
branch  8 never executed
    $$$$$:   32-block  5
unconditional  9 never executed
    $$$$$:   32-block  6
unconditional 10 never executed
    $$$$$:   32-block  7
branch 11 never executed
branch 12 never executed
    $$$$$:   32-block  8
unconditional 13 never executed
        1:   32-block  9
branch 14 taken 1
branch 15 taken 0
        1:   32-block 10
unconditional 16 taken 1
        6:   32-block 11
branch 17 taken 5
branch 18 taken 1
    $$$$$:   32-block 12
branch 19 never executed
branch 20 never executed
    $$$$$:   32-block 13
branch 21 never executed
branch 22 never executed
    $$$$$:   32-block 14
unconditional 23 never executed
    $$$$$:   32-block 15
unconditional 24 never executed
    $$$$$:   32-block 16
branch 25 never executed
branch 26 never executed
    $$$$$:   32-block 17
unconditional 27 never executed
       12:   33:    j++;
        1:   33-block  0
branch  0 taken 1
branch  1 taken 0
        1:   33-block  1
branch  2 taken 1
branch  3 taken 0
       12:   34:  }
        1:   34-block  0
branch  0 taken 1
branch  1 taken 0
        1:   34-block  1
branch  2 taken 1
branch  3 taken 0
       10:   34-block  2
unconditional  4 taken 10
        2:   35:
        1:   35-block  0
branch  0 taken 1
branch  1 taken 0
        1:   35-block  1
branch  2 taken 1
branch  3 taken 0
        3:   36:  _first_name = strs[0];
        1:   36-block  0
branch  0 taken 1
branch  1 taken 0
        1:   36-block  1
branch  2 taken 1
branch  3 taken 0
        1:   36-block  2
branch  4 taken 0
branch  5 taken 1
        3:   37:  _second_name = strs[1];
        1:   37-block  0
branch  0 taken 1
branch  1 taken 0
        1:   37-block  1
branch  2 taken 1
branch  3 taken 0
        1:   37-block  2
branch  4 taken 0
branch  5 taken 1
        3:   38:  _third_name = strs[2];
        1:   38-block  0
branch  0 taken 1
branch  1 taken 0
        1:   38-block  1
branch  2 taken 1
branch  3 taken 0
        1:   38-block  2
branch  4 taken 0
branch  5 taken 1
        1:   39:  _year_of_birth = atoi(strs[3].c_str());
        1:   39-block  0
branch  0 taken 0
branch  1 taken 1
        1:   40:  _gender = atoi(strs[4].c_str());
        1:   40-block  0
branch  0 taken 0
branch  1 taken 1
        1:   41:  _marital_status = atoi(strs[5].c_str());
        1:   41-block  0
branch  0 taken 0
branch  1 taken 1
        1:   42:  _university = atoi(strs[6].c_str());
        1:   42-block  0
branch  0 taken 0
branch  1 taken 1
        1:   43:  _mobile_phone = strs[7];
        1:   43-block  0
branch  0 taken 0
branch  1 taken 1
        1:   44:  _city = atoi(strs[8].c_str());
        1:   44-block  0
branch  0 taken 0
branch  1 taken 1
        1:   45:  _min_salary = atoi(strs[9].c_str());
        1:   45-block  0
branch  0 taken 0
branch  1 taken 1
       11:   46:}
    $$$$$:   46-block  0
unconditional  0 never executed
        1:   46-block  1
unconditional  1 taken 1
       10:   46-block  2
branch  2 taken 9
branch  3 taken 1
        1:   46-block  3
unconditional  4 taken 1
    $$$$$:   46-block  4
branch  5 never executed
branch  6 never executed
    $$$$$:   46-block  5
unconditional  7 never executed
    $$$$$:   46-block  6
unconditional  8 never executed
    $$$$$:   46-block  7
unconditional  9 never executed
    $$$$$:   46-block  8
unconditional 10 never executed
        1:   46-block  9
unconditional 11 taken 1
function _ZN9applicant9to_stringENSt3__112basic_stringIcNS0_11char_traitsIcEENS0_9allocatorIcEEEEbb called 0 returned 0% blocks executed 0%
    #####:   47:std::string applicant::to_string(std::string divider, bool save_id, bool include_description) {
    $$$$$:   47-block  0
unconditional  0 never executed
    #####:   48:  return
    $$$$$:   48-block  0
unconditional  0 never executed
    $$$$$:   48-block  1
unconditional  1 never executed
    $$$$$:   48-block  2
unconditional  2 never executed
    $$$$$:   48-block  3
unconditional  3 never executed
    $$$$$:   48-block  4
unconditional  4 never executed
    $$$$$:   48-block  5
unconditional  5 never executed
    $$$$$:   48-block  6
unconditional  6 never executed
    $$$$$:   48-block  7
unconditional  7 never executed
    $$$$$:   48-block  8
unconditional  8 never executed
    $$$$$:   48-block  9
unconditional  9 never executed
    $$$$$:   48-block 10
unconditional 10 never executed
    $$$$$:   48-block 11
unconditional 11 never executed
    $$$$$:   48-block 12
unconditional 12 never executed
    $$$$$:   48-block 13
unconditional 13 never executed
    $$$$$:   48-block 14
unconditional 14 never executed
    $$$$$:   48-block 15
unconditional 15 never executed
    $$$$$:   48-block 16
unconditional 16 never executed
    $$$$$:   48-block 17
unconditional 17 never executed
    $$$$$:   48-block 18
unconditional 18 never executed
    $$$$$:   48-block 19
unconditional 19 never executed
    $$$$$:   48-block 20
unconditional 20 never executed
    $$$$$:   48-block 21
unconditional 21 never executed
    $$$$$:   48-block 22
unconditional 22 never executed
    $$$$$:   48-block 23
unconditional 23 never executed
    $$$$$:   48-block 24
unconditional 24 never executed
    $$$$$:   48-block 25
unconditional 25 never executed
    $$$$$:   48-block 26
unconditional 26 never executed
    $$$$$:   48-block 27
unconditional 27 never executed
    $$$$$:   48-block 28
unconditional 28 never executed
    $$$$$:   48-block 29
unconditional 29 never executed
    $$$$$:   48-block 30
unconditional 30 never executed
    $$$$$:   48-block 31
    #####:   49:      _first_name + divider +
    $$$$$:   49-block  0
branch  0 never executed
branch  1 never executed
    $$$$$:   49-block  1
branch  2 never executed
branch  3 never executed
    #####:   50:      _second_name + divider +
    $$$$$:   50-block  0
branch  0 never executed
branch  1 never executed
    $$$$$:   50-block  1
branch  2 never executed
branch  3 never executed
    #####:   51:      _third_name + divider +
    $$$$$:   51-block  0
branch  0 never executed
branch  1 never executed
    $$$$$:   51-block  1
branch  2 never executed
branch  3 never executed
    #####:   52:      (include_description ? "Birth year: " : "") + std::to_string(_year_of_birth) + divider +
    $$$$$:   52-block  0
branch  0 never executed
branch  1 never executed
    $$$$$:   52-block  1
branch  2 never executed
branch  3 never executed
    $$$$$:   52-block  2
branch  4 never executed
branch  5 never executed
    $$$$$:   52-block  3
branch  6 never executed
branch  7 never executed
    #####:   53:      (include_description ? "Gender: " : "") + (save_id ? std::to_string(_gender) : gender[_gender]) + divider +
    $$$$$:   53-block  0
branch  0 never executed
branch  1 never executed
    $$$$$:   53-block  1
branch  2 never executed
branch  3 never executed
    $$$$$:   53-block  2
unconditional  4 never executed
    $$$$$:   53-block  3
branch  5 never executed
branch  6 never executed
    $$$$$:   53-block  4
branch  7 never executed
branch  8 never executed
    $$$$$:   53-block  5
unconditional  9 never executed
    $$$$$:   53-block  6
branch 10 never executed
branch 11 never executed
    $$$$$:   53-block  7
branch 12 never executed
branch 13 never executed
    $$$$$:   53-block  8
branch 14 never executed
branch 15 never executed
    #####:   54:      (include_description ? "Marital status: " : "") + (save_id ? std::to_string(_marital_status) : marital_status[_marital_status]) + divider +
    $$$$$:   54-block  0
branch  0 never executed
branch  1 never executed
    $$$$$:   54-block  1
branch  2 never executed
branch  3 never executed
    $$$$$:   54-block  2
unconditional  4 never executed
    $$$$$:   54-block  3
branch  5 never executed
branch  6 never executed
    $$$$$:   54-block  4
branch  7 never executed
branch  8 never executed
    $$$$$:   54-block  5
unconditional  9 never executed
    $$$$$:   54-block  6
branch 10 never executed
branch 11 never executed
    $$$$$:   54-block  7
branch 12 never executed
branch 13 never executed
    $$$$$:   54-block  8
branch 14 never executed
branch 15 never executed
    #####:   55:      (include_description ? "University: " : "") + (save_id ? std::to_string(_university) : university[_university]) + divider +
    $$$$$:   55-block  0
branch  0 never executed
branch  1 never executed
    $$$$$:   55-block  1
branch  2 never executed
branch  3 never executed
    $$$$$:   55-block  2
unconditional  4 never executed
    $$$$$:   55-block  3
branch  5 never executed
branch  6 never executed
    $$$$$:   55-block  4
branch  7 never executed
branch  8 never executed
    $$$$$:   55-block  5
unconditional  9 never executed
    $$$$$:   55-block  6
branch 10 never executed
branch 11 never executed
    $$$$$:   55-block  7
branch 12 never executed
branch 13 never executed
    $$$$$:   55-block  8
branch 14 never executed
branch 15 never executed
    #####:   56:      (include_description ? "Mobile phone: " : "") + _mobile_phone + divider +
    $$$$$:   56-block  0
branch  0 never executed
branch  1 never executed
    $$$$$:   56-block  1
branch  2 never executed
branch  3 never executed
    $$$$$:   56-block  2
branch  4 never executed
branch  5 never executed
    #####:   57:      (include_description ? "City: " : "") + (save_id ? std::to_string(_city) : city[_city]) + divider +
    $$$$$:   57-block  0
branch  0 never executed
branch  1 never executed
    $$$$$:   57-block  1
branch  2 never executed
branch  3 never executed
    $$$$$:   57-block  2
unconditional  4 never executed
    $$$$$:   57-block  3
branch  5 never executed
branch  6 never executed
    $$$$$:   57-block  4
branch  7 never executed
branch  8 never executed
    $$$$$:   57-block  5
unconditional  9 never executed
    $$$$$:   57-block  6
branch 10 never executed
branch 11 never executed
    $$$$$:   57-block  7
branch 12 never executed
branch 13 never executed
    $$$$$:   57-block  8
branch 14 never executed
branch 15 never executed
    #####:   58:      (include_description ? "Minimal salary: " : "") + std::to_string(_min_salary);
    $$$$$:   58-block  0
branch  0 never executed
branch  1 never executed
    $$$$$:   58-block  1
branch  2 never executed
branch  3 never executed
    #####:   59:}
    $$$$$:   59-block  0
unconditional  0 never executed
    $$$$$:   59-block  1
unconditional  1 never executed
    $$$$$:   59-block  2
unconditional  2 never executed
    $$$$$:   59-block  3
unconditional  3 never executed
    $$$$$:   59-block  4
unconditional  4 never executed
    $$$$$:   59-block  5
unconditional  5 never executed
    $$$$$:   59-block  6
unconditional  6 never executed
    $$$$$:   59-block  7
unconditional  7 never executed
    $$$$$:   59-block  8
unconditional  8 never executed
    $$$$$:   59-block  9
unconditional  9 never executed
    $$$$$:   59-block 10
unconditional 10 never executed
    $$$$$:   59-block 11
unconditional 11 never executed
    $$$$$:   59-block 12
unconditional 12 never executed
    $$$$$:   59-block 13
unconditional 13 never executed
    $$$$$:   59-block 14
unconditional 14 never executed
    $$$$$:   59-block 15
unconditional 15 never executed
    $$$$$:   59-block 16
unconditional 16 never executed
    $$$$$:   59-block 17
unconditional 17 never executed
    $$$$$:   59-block 18
unconditional 18 never executed
    $$$$$:   59-block 19
unconditional 19 never executed
    $$$$$:   59-block 20
unconditional 20 never executed
    $$$$$:   59-block 21
unconditional 21 never executed
    $$$$$:   59-block 22
unconditional 22 never executed
    $$$$$:   59-block 23
unconditional 23 never executed
    $$$$$:   59-block 24
unconditional 24 never executed
    $$$$$:   59-block 25
unconditional 25 never executed
    $$$$$:   59-block 26
unconditional 26 never executed
    $$$$$:   59-block 27
unconditional 27 never executed
    $$$$$:   59-block 28
unconditional 28 never executed
function _ZN9applicant6to_csvEv called 0 returned 0% blocks executed 0%
    #####:   60:std::string applicant::to_csv() {
    $$$$$:   60-block  0
unconditional  0 never executed
    #####:   61:  return to_string(",", true, false);
    $$$$$:   61-block  0
branch  0 never executed
branch  1 never executed
    $$$$$:   61-block  1
unconditional  2 never executed
    $$$$$:   61-block  2
unconditional  3 never executed
    $$$$$:   61-block  3
    #####:   62:}
function _ZN9applicant8get_nameEv called 2 returned 100% blocks executed 45%
        2:   63:std::string applicant::get_name() {
        2:   63-block  0
unconditional  0 taken 2
        2:   64:  return _first_name + " " + _second_name + " " + _third_name;
        2:   64-block  0
branch  0 taken 2
branch  1 taken 0
        2:   64-block  1
branch  2 taken 2
branch  3 taken 0
        2:   64-block  2
branch  4 taken 2
branch  5 taken 0
        2:   64-block  3
unconditional  6 taken 2
    $$$$$:   64-block  4
unconditional  7 never executed
    $$$$$:   64-block  5
unconditional  8 never executed
    $$$$$:   64-block  6
unconditional  9 never executed
    $$$$$:   64-block  7
    #####:   65:}
    $$$$$:   65-block  0
unconditional  0 never executed
    $$$$$:   65-block  1
unconditional  1 never executed
function _ZN9applicant17get_year_of_birthEv called 2 returned 100% blocks executed 100%
        2:   66:int applicant::get_year_of_birth() {
        2:   66-block  0
unconditional  0 taken 2
        2:   67:  return _year_of_birth;
        2:   67-block  0
unconditional  0 taken 2
        -:   68:}
function _ZN9applicant10get_genderEv called 2 returned 100% blocks executed 100%
        2:   69:std::string applicant::get_gender() {
        2:   69-block  0
unconditional  0 taken 2
        2:   70:  return gender[_gender];
        2:   70-block  0
unconditional  0 taken 2
        -:   71:}
function _ZN9applicant18get_marital_statusEv called 2 returned 100% blocks executed 100%
        2:   72:std::string applicant::get_marital_status() {
        2:   72-block  0
unconditional  0 taken 2
        2:   73:  return marital_status[_marital_status];
        2:   73-block  0
unconditional  0 taken 2
        -:   74:}
function _ZN9applicant14get_universityEv called 2 returned 100% blocks executed 100%
        2:   75:std::string applicant::get_university() {
        2:   75-block  0
unconditional  0 taken 2
        2:   76:  return university[_university];
        2:   76-block  0
unconditional  0 taken 2
        -:   77:}
function _ZN9applicant16get_mobile_phoneEv called 2 returned 100% blocks executed 100%
        2:   78:std::string applicant::get_mobile_phone() {
        2:   78-block  0
unconditional  0 taken 2
        2:   79:  return _mobile_phone;
        2:   79-block  0
unconditional  0 taken 2
        -:   80:}
function _ZN9applicant8get_cityEv called 2 returned 100% blocks executed 100%
        2:   81:std::string applicant::get_city() {
        2:   81-block  0
unconditional  0 taken 2
        2:   82:  return city[_city];
        2:   82-block  0
unconditional  0 taken 2
        -:   83:}
function _ZN9applicant10min_salaryEv called 0 returned 0% blocks executed 0%
    #####:   84:int applicant::min_salary() {
    $$$$$:   84-block  0
unconditional  0 never executed
    #####:   85:  return _min_salary;
    $$$$$:   85-block  0
unconditional  0 never executed
        -:   86:}
