        -:    0:Source:employer.cpp
        -:    0:Graph:employer.gcno
        -:    0:Data:employer.gcda
        -:    0:Runs:1
        -:    0:Programs:1
        -:    1:#include "employer.h"
function _ZN8employerC2Eiii called 1 returned 100% blocks executed 42%
function _ZN8employerC1Eiii called 1 returned 100% blocks executed 100%
        2:    2:employer::employer(int city_id, int min_salary, int max_year_of_birth)
        1:    2-block  0
unconditional  0 taken 1
        1:    2-block  1
unconditional  1 taken 1
        2:    3:    : ideal_candidate(
        1:    3-block  0
branch  0 taken 1
branch  1 taken 0
    $$$$$:    3-block  1
unconditional  2 never executed
    $$$$$:    3-block  2
unconditional  3 never executed
    $$$$$:    3-block  3
unconditional  4 never executed
    $$$$$:    3-block  4
unconditional  5 never executed
    $$$$$:    3-block  5
        1:    4:    "",
        1:    5:    "",
        1:    5-block  0
branch  0 taken 1
branch  1 taken 0
        1:    6:    "",
        1:    6-block  0
branch  0 taken 1
branch  1 taken 0
        1:    7:    max_year_of_birth,
        -:    8:    0,
        -:    9:    0,
        -:   10:    0,
        1:   11:    "88005553535",
        1:   11-block  0
branch  0 taken 1
branch  1 taken 0
        1:   12:    city_id,
        1:   13:    min_salary
        2:   14:){}
        1:   14-block  0
unconditional  0 taken 1
    $$$$$:   14-block  1
unconditional  1 never executed
    $$$$$:   14-block  2
unconditional  2 never executed
    $$$$$:   14-block  3
unconditional  3 never executed
        1:   14-block  4
unconditional  4 taken 1
function _ZN8employer5suitsE9applicant called 1 returned 100% blocks executed 28%
        1:   15:bool employer::suits(applicant appl) {
        1:   15-block  0
unconditional  0 taken 1
        1:   16:  return
        1:   16-block  0
unconditional  0 taken 1
    $$$$$:   16-block  1
unconditional  1 never executed
    $$$$$:   16-block  2
unconditional  2 never executed
    $$$$$:   16-block  3
        1:   17:      appl.get_city() == ideal_candidate.get_city() &&
        1:   17-block  0
branch  0 taken 1
branch  1 taken 0
        1:   17-block  1
branch  2 taken 0
branch  3 taken 1
    #####:   18:      appl.min_salary() <= ideal_candidate.min_salary() &&
    $$$$$:   18-block  0
branch  0 never executed
branch  1 never executed
    $$$$$:   18-block  1
branch  2 never executed
branch  3 never executed
    $$$$$:   18-block  2
branch  4 never executed
branch  5 never executed
    #####:   19:      appl.get_year_of_birth() <= ideal_candidate.get_year_of_birth();
    $$$$$:   19-block  0
branch  0 never executed
branch  1 never executed
    $$$$$:   19-block  1
branch  2 never executed
branch  3 never executed
    $$$$$:   19-block  2
unconditional  4 never executed
    #####:   20:}
    $$$$$:   20-block  0
unconditional  0 never executed
function _ZN8employer6to_csvEv called 0 returned 0% blocks executed 0%
    #####:   21:std::string employer::to_csv() {
    $$$$$:   21-block  0
unconditional  0 never executed
    #####:   22:  return ideal_candidate.to_csv();
    $$$$$:   22-block  0
unconditional  0 never executed
        -:   23:}
function _ZN8employer9to_stringEv called 0 returned 0% blocks executed 0%
    #####:   24:std::string employer::to_string() {
    $$$$$:   24-block  0
unconditional  0 never executed
    #####:   25:  return ideal_candidate.get_city() + "\n" + std::to_string(ideal_candidate.get_year_of_birth()) + "\n" + std::to_string(ideal_candidate.min_salary());
    $$$$$:   25-block  0
branch  0 never executed
branch  1 never executed
    $$$$$:   25-block  1
branch  2 never executed
branch  3 never executed
    $$$$$:   25-block  2
branch  4 never executed
branch  5 never executed
    $$$$$:   25-block  3
branch  6 never executed
branch  7 never executed
    $$$$$:   25-block  4
branch  8 never executed
branch  9 never executed
    $$$$$:   25-block  5
branch 10 never executed
branch 11 never executed
    $$$$$:   25-block  6
branch 12 never executed
branch 13 never executed
    $$$$$:   25-block  7
branch 14 never executed
branch 15 never executed
    $$$$$:   25-block  8
unconditional 16 never executed
    $$$$$:   25-block  9
unconditional 17 never executed
    $$$$$:   25-block 10
unconditional 18 never executed
    $$$$$:   25-block 11
unconditional 19 never executed
    $$$$$:   25-block 12
unconditional 20 never executed
    $$$$$:   25-block 13
unconditional 21 never executed
    $$$$$:   25-block 14
unconditional 22 never executed
    $$$$$:   25-block 15
    #####:   26:}
    $$$$$:   26-block  0
unconditional  0 never executed
    $$$$$:   26-block  1
unconditional  1 never executed
    $$$$$:   26-block  2
unconditional  2 never executed
    $$$$$:   26-block  3
unconditional  3 never executed
    $$$$$:   26-block  4
unconditional  4 never executed
